<?xml version="1.0" encoding="UTF-8"?>
<!-- Generated by org.testng.reporters.JUnitReportReporter -->
<testsuite hostname="RadhaKrishna" failures="0" tests="4" name="api.test.UserTests" time="19.766" errors="0" timestamp="2024-05-02T18:44:20 IST" skipped="0">
  <testcase classname="api.test.UserTests" name="testPostUser" time="13.814"/>
  <testcase classname="api.test.UserTests" name="testGetUserByName" time="1.689"/>
  <testcase classname="api.test.UserTests" name="testUpdateUserByName" time="2.793"/>
  <testcase classname="api.test.UserTests" name="testDeleteUserByName" time="1.470"/>
</testsuite> <!-- api.test.UserTests -->
