<?xml version="1.0" encoding="UTF-8"?>
<!-- Generated by org.testng.reporters.JUnitReportReporter -->
<testsuite hostname="RadhaKrishna" failures="0" tests="4" name="api.test.UserTests2" time="20.067" errors="0" timestamp="2024-05-03T17:20:47 IST" skipped="0">
  <testcase classname="api.test.UserTests2" name="testPostUser" time="14.034"/>
  <testcase classname="api.test.UserTests2" name="testGetUserByName" time="1.505"/>
  <testcase classname="api.test.UserTests2" name="testUpdateUserByName" time="3.091"/>
  <testcase classname="api.test.UserTests2" name="testDeleteUserByName" time="1.437"/>
</testsuite> <!-- api.test.UserTests2 -->
